<?xml version="1.0" encoding="UTF-8" ?>
<testsuite errors="0" failures="0" hostname="IvanKanga" name="ValidationTest" skipped="0" tests="2" time="0.054" timestamp="2024-04-25T13:51:18">
  <properties>
    <property name="ant.library.dir" value="D:\Program Files (x86)\apache-ant-1.10.14\lib" />
    <property name="ant.file.type" value="file" />
    <property name="java.specification.version" value="20" />
    <property name="ant.project.name" value="webLab3" />
    <property name="sun.cpu.isalist" value="amd64" />
    <property name="sun.jnu.encoding" value="Cp1251" />
    <property name="java.class.path" value="D:\Program Files\IntelliJ IDEA 2022.2.3\PROJECTS\web\webLab3\lib\angus-activation-2.0.0.jar;D:\Program Files\IntelliJ IDEA 2022.2.3\PROJECTS\web\webLab3\lib\antlr4-runtime-4.10.1.jar;D:\Program Files\IntelliJ IDEA 2022.2.3\PROJECTS\web\webLab3\lib\byte-buddy-1.12.18.jar;D:\Program Files\IntelliJ IDEA 2022.2.3\PROJECTS\web\webLab3\lib\checker-qual-3.31.0.jar;D:\Program Files\IntelliJ IDEA 2022.2.3\PROJECTS\web\webLab3\lib\classmate-1.5.1.jar;D:\Program Files\IntelliJ IDEA 2022.2.3\PROJECTS\web\webLab3\lib\hamcrest-core-1.3.jar;D:\Program Files\IntelliJ IDEA 2022.2.3\PROJECTS\web\webLab3\lib\hibernate-commons-annotations-6.0.6.Final.jar;D:\Program Files\IntelliJ IDEA 2022.2.3\PROJECTS\web\webLab3\lib\hibernate-core-6.2.3.Final.jar;D:\Program Files\IntelliJ IDEA 2022.2.3\PROJECTS\web\webLab3\lib\istack-commons-runtime-4.1.1.jar;D:\Program Files\IntelliJ IDEA 2022.2.3\PROJECTS\web\webLab3\lib\jakarta.activation-api-2.1.0.jar;D:\Program Files\IntelliJ IDEA 2022.2.3\PROJECTS\web\webLab3\lib\jakarta.annotation-api-2.1.1.jar;D:\Program Files\IntelliJ IDEA 2022.2.3\PROJECTS\web\webLab3\lib\jakarta.el-api-4.0.0.jar;D:\Program Files\IntelliJ IDEA 2022.2.3\PROJECTS\web\webLab3\lib\jakarta.enterprise.cdi-api-3.0.0.jar;D:\Program Files\IntelliJ IDEA 2022.2.3\PROJECTS\web\webLab3\lib\jakarta.enterprise.cdi-api-4.0.1.jar;D:\Program Files\IntelliJ IDEA 2022.2.3\PROJECTS\web\webLab3\lib\jakarta.faces-api-4.0.1.jar;D:\Program Files\IntelliJ IDEA 2022.2.3\PROJECTS\web\webLab3\lib\jakarta.inject-api-2.0.1.jar;D:\Program Files\IntelliJ IDEA 2022.2.3\PROJECTS\web\webLab3\lib\jakarta.interceptor-api-2.0.0.jar;D:\Program Files\IntelliJ IDEA 2022.2.3\PROJECTS\web\webLab3\lib\jakarta.persistence-api-3.1.0.jar;D:\Program Files\IntelliJ IDEA 2022.2.3\PROJECTS\web\webLab3\lib\jakarta.transaction-api-2.0.1.jar;D:\Program Files\IntelliJ IDEA 2022.2.3\PROJECTS\web\webLab3\lib\jakarta.xml.bind-api-4.0.0.jar;D:\Program Files\IntelliJ IDEA 2022.2.3\PROJECTS\web\webLab3\lib\jandex-3.0.5.jar;D:\Program Files\IntelliJ IDEA 2022.2.3\PROJECTS\web\webLab3\lib\jaxb-core-4.0.2.jar;D:\Program Files\IntelliJ IDEA 2022.2.3\PROJECTS\web\webLab3\lib\jaxb-runtime-4.0.2.jar;D:\Program Files\IntelliJ IDEA 2022.2.3\PROJECTS\web\webLab3\lib\jboss-logging-3.5.0.Final.jar;D:\Program Files\IntelliJ IDEA 2022.2.3\PROJECTS\web\webLab3\lib\junit-4.13.1.jar;D:\Program Files\IntelliJ IDEA 2022.2.3\PROJECTS\web\webLab3\lib\lombok-1.18.28.jar;D:\Program Files\IntelliJ IDEA 2022.2.3\PROJECTS\web\webLab3\lib\postgresql-42.6.0.jar;D:\Program Files\IntelliJ IDEA 2022.2.3\PROJECTS\web\webLab3\lib\txw2-4.0.2.jar;D:\Program Files\IntelliJ IDEA 2022.2.3\PROJECTS\web\webLab3\ant\project\WEB-INF\classes;D:\Program Files\IntelliJ IDEA 2022.2.3\PROJECTS\web\webLab3\src\test\java;D:\Program Files (x86)\apache-ant-1.10.14\lib\ant-launcher.jar;D:\Program Files (x86)\apache-ant-1.10.14\lib\ant.jar;D:\Program Files (x86)\apache-ant-1.10.14\lib\ant-junit.jar;D:\Program Files (x86)\apache-ant-1.10.14\lib\ant-junit4.jar" />
    <property name="project" value="ant/project/" />
    <property name="java.vm.vendor" value="Oracle Corporation" />
    <property name="sun.arch.data.model" value="64" />
    <property name="user.variant" value="" />
    <property name="java.vendor.url" value="https://java.oracle.com/" />
    <property name="java.vm.specification.version" value="20" />
    <property name="os.name" value="Windows 11" />
    <property name="reports.dir" value="ant/reports" />
    <property name="sun.java.launcher" value="SUN_STANDARD" />
    <property name="user.country" value="RU" />
    <property name="sun.boot.library.path" value="C:\Program Files\Java\jdk-20\bin" />
    <property name="sun.java.command" value="org.apache.tools.ant.taskdefs.optional.junit.JUnitTestRunner ValidationTest skipNonTests=false filtertrace=true haltOnError=false haltOnFailure=false formatter=org.apache.tools.ant.taskdefs.optional.junit.SummaryJUnitResultFormatter showoutput=false outputtoformatters=true logfailedtests=true threadid=0 logtestlistenerevents=false formatter=org.apache.tools.ant.taskdefs.optional.junit.XMLJUnitResultFormatter,D:\Program Files\IntelliJ IDEA 2022.2.3\PROJECTS\web\webLab3\ant\reports\TEST-ValidationTest.xml crashfile=D:\Program Files\IntelliJ IDEA 2022.2.3\PROJECTS\web\webLab3\junitvmwatcher7980422533188914518.properties propsfile=D:\Program Files\IntelliJ IDEA 2022.2.3\PROJECTS\web\webLab3\junit3591521948496520927.properties" />
    <property name="jdk.debug" value="release" />
    <property name="sun.cpu.endian" value="little" />
    <property name="test.dir" value="src/test/java/" />
    <property name="user.home" value="C:\Users\iwant" />
    <property name="user.language" value="ru" />
    <property name="java.specification.vendor" value="Oracle Corporation" />
    <property name="java.version.date" value="2023-04-18" />
    <property name="java.home" value="C:\Program Files\Java\jdk-20" />
    <property name="basedir" value="D:\Program Files\IntelliJ IDEA 2022.2.3\PROJECTS\web\webLab3" />
    <property name="file.separator" value="\" />
    <property name="java.vm.compressedOopsMode" value="Zero based" />
    <property name="line.separator" value="&#xd;&#xa;" />
    <property name="web-inf" value="ant/project/WEB-INF/" />
    <property name="ant.java.version" value="20" />
    <property name="java.specification.name" value="Java Platform API Specification" />
    <property name="java.vm.specification.vendor" value="Oracle Corporation" />
    <property name="user.script" value="" />
    <property name="sun.management.compiler" value="HotSpot 64-Bit Tiered Compilers" />
    <property name="java.runtime.version" value="20.0.1+9-29" />
    <property name="user.name" value="iwant" />
    <property name="ant.file" value="D:\Program Files\IntelliJ IDEA 2022.2.3\PROJECTS\web\webLab3\build.xml" />
    <property name="stdout.encoding" value="Cp1251" />
    <property name="path.separator" value=";" />
    <property name="os.version" value="10.0" />
    <property name="build.test" value="ant/test/" />
    <property name="java.runtime.name" value="Java(TM) SE Runtime Environment" />
    <property name="file.encoding" value="UTF-8" />
    <property name="ant.project.invoked-targets" value="run" />
    <property name="java.vm.name" value="Java HotSpot(TM) 64-Bit Server VM" />
    <property name="ant.core.lib" value="D:\Program Files (x86)\apache-ant-1.10.14\lib\ant.jar" />
    <property name="java.vendor.url.bug" value="https://bugreport.java.com/bugreport/" />
    <property name="java.io.tmpdir" value="C:\Users\iwant\AppData\Local\Temp\" />
    <property name="java.version" value="20.0.1" />
    <property name="user.dir" value="D:\Program Files\IntelliJ IDEA 2022.2.3\PROJECTS\web\webLab3" />
    <property name="os.arch" value="amd64" />
    <property name="ant.file.webLab3" value="D:\Program Files\IntelliJ IDEA 2022.2.3\PROJECTS\web\webLab3\build.xml" />
    <property name="java.vm.specification.name" value="Java Virtual Machine Specification" />
    <property name="ant.home" value="D:\Program Files (x86)\apache-ant-1.10.14\bin\.." />
    <property name="sun.os.patch.level" value="" />
    <property name="ant.file.type.webLab3" value="file" />
    <property name="native.encoding" value="Cp1251" />
    <property name="ant.version" value="Apache Ant(TM) version 1.10.14 compiled on August 16 2023" />
    <property name="java.library.path" value="C:\Program Files\Java\jdk-20\bin;C:\Windows\Sun\Java\bin;C:\Windows\system32;C:\Windows;C:\Program Files\Java\jdk-20\bin;C:\Program Files (x86)\Maven\tools\apache-maven-3.9.0\bin;C:\ProgramData\Oracle\Java\javapath;C:\Program Files\Common Files\Oracle\Java\javapath;C:\Program Files (x86)\Common Files\Oracle\Java\javapath;C:\Windows\System32\HWAudioDriverLibs;C:\Windows\system32;C:\Windows;C:\Windows\System32\Wbem;C:\Windows\System32\WindowsPowerShell\v1.0\;C:\Windows\System32\OpenSSH\;C:\Users\Administrator\AppData\Local\Microsoft\WindowsApps;D:\Program Files (x86)\Git\cmd;D:\Program Files\programming languages\nodejs;D:\Program Files\programming languages\php;D:\Program Files (x86)\MinGW\bin;D:\Program Files (x86)\apache-tomcat-9.0.80\bin\;C:\Users\iwant\AppData\Local\Programs\Python\Python312;C:\Users\iwant\AppData\Local\Programs\Python\Python312\Scripts;D:\Program Files\programming languages\Julia-1.9.3;C:\Program Files\Docker\Docker\resources\bin;C:\Windows\system32\config\systemprofile\AppData\Local\Microsoft\WindowsApps;C:\windows\system32\HWAudioDriver\;D:\Program Files (x86)\iverilog\bin;C:\Users\iwant\AppData\Local\Microsoft\WindowsApps;D:\Program Files\IntelliJ IDEA 2022.2.3\bin;;D:\Program Files (x86)\Microsoft VS Code\bin;C:\Users\iwant\AppData\Roaming\npm;D:\Program Files (x86)\MinGW\bin;D:\Program Files (x86)\apache-tomcat-9.0.80\bin;C:\Users\iwant\AppData\Local\Programs\Python\Python312;D:\Program Files\CLion 2023.2.2\bin;;D:\Program Files\programming languages\Julia-1.10.0-rc3\bin;D:\Program Files\iverilog\bin;C:\Program Files\iverilog\bin;C:\Program Files\iverilog\gtkwave\bin;D:\Program Files (x86)\apache-ant-1.10.14\bin;;." />
    <property name="java.vendor" value="Oracle Corporation" />
    <property name="stderr.encoding" value="Cp1251" />
    <property name="java.vm.info" value="mixed mode, sharing" />
    <property name="build" value="ant/build/" />
    <property name="java.vm.version" value="20.0.1+9-29" />
    <property name="classes.dir" value="ant/project/WEB-INF/classes/" />
    <property name="sun.io.unicode.encoding" value="UnicodeLittle" />
    <property name="java.class.version" value="64.0" />
    <property name="ant.project.default-target" value="run" />
  </properties>
  <testcase classname="ValidationTest" name="gettingIntoArea" time="0.004" />
  <testcase classname="ValidationTest" name="rangeOfAcceptableValues" time="0.0" />
  <system-out><![CDATA[]]></system-out>
  <system-err><![CDATA[]]></system-err>
</testsuite>
